[2025-05-19 16:04:40] Error: Trying to access array offset on value of type null in /var/www/html/mipymessales/controllers/call_waiter.php on line 6 (Code: 8)
[2025-05-19 16:04:43] Error: Trying to access array offset on value of type null in /var/www/html/mipymessales/controllers/call_waiter.php on line 6 (Code: 8)
[2025-05-19 16:04:44] Error: Trying to access array offset on value of type null in /var/www/html/mipymessales/controllers/call_waiter.php on line 6 (Code: 8)
[2025-05-19 16:04:44] Error: Trying to access array offset on value of type null in /var/www/html/mipymessales/controllers/call_waiter.php on line 6 (Code: 8)
[2025-05-19 16:04:44] Error: Trying to access array offset on value of type null in /var/www/html/mipymessales/controllers/call_waiter.php on line 6 (Code: 8)
[2025-05-19 16:04:48] Error: Trying to access array offset on value of type null in /var/www/html/mipymessales/controllers/call_waiter.php on line 6 (Code: 8)
[2025-05-19 16:06:05] Error: Trying to access array offset on value of type null in /var/www/html/mipymessales/controllers/call_waiter.php on line 6 (Code: 8)
[2025-05-19 16:08:26] Error: Trying to access array offset on value of type null in /var/www/html/mipymessales/controllers/call_waiter.php on line 6 (Code: 8)
[2025-05-19 16:08:58] Error: Trying to access array offset on value of type null in /var/www/html/mipymessales/controllers/call_waiter.php on line 6 (Code: 8)
[2025-05-19 16:09:02] Error: Trying to access array offset on value of type null in /var/www/html/mipymessales/controllers/call_waiter.php on line 6 (Code: 8)
[2025-05-19 16:09:03] Error: Trying to access array offset on value of type null in /var/www/html/mipymessales/controllers/call_waiter.php on line 6 (Code: 8)
[2025-05-19 16:09:03] Error: Trying to access array offset on value of type null in /var/www/html/mipymessales/controllers/call_waiter.php on line 6 (Code: 8)
[2025-05-19 16:10:22] Error: Trying to access array offset on value of type null in /var/www/html/mipymessales/controllers/call_waiter.php on line 6 (Code: 8)
[2025-05-19 16:10:43] Error: Trying to access array offset on value of type null in /var/www/html/mipymessales/controllers/call_waiter.php on line 6 (Code: 8)
[2025-05-19 16:10:44] Error: Trying to access array offset on value of type null in /var/www/html/mipymessales/controllers/call_waiter.php on line 6 (Code: 8)
[2025-05-19 16:10:45] Error: Trying to access array offset on value of type null in /var/www/html/mipymessales/controllers/call_waiter.php on line 6 (Code: 8)
[2025-05-21 12:53:35] Error: Undefined variable: pedidos in /var/www/html/mipymessales/templates/pedidos.php on line 145 (Code: 8)
[2025-05-21 12:53:35] Error: count(): Parameter must be an array or an object that implements Countable in /var/www/html/mipymessales/templates/pedidos.php on line 145 (Code: 2)
[2025-05-24 18:08:40] Error: Array to string conversion in /var/www/html/mipymessales/controllers/obtener_mesas_pedidos.php on line 58 (Code: 8)
[2025-05-24 18:08:42] Error: Array to string conversion in /var/www/html/mipymessales/controllers/obtener_mesas_pedidos.php on line 58 (Code: 8)
[2025-05-24 18:08:44] Error: Array to string conversion in /var/www/html/mipymessales/controllers/obtener_mesas_pedidos.php on line 58 (Code: 8)
[2025-05-24 18:08:46] Error: Array to string conversion in /var/www/html/mipymessales/controllers/obtener_mesas_pedidos.php on line 58 (Code: 8)
[2025-05-24 18:08:48] Error: Array to string conversion in /var/www/html/mipymessales/controllers/obtener_mesas_pedidos.php on line 58 (Code: 8)
[2025-05-24 18:08:50] Error: Array to string conversion in /var/www/html/mipymessales/controllers/obtener_mesas_pedidos.php on line 58 (Code: 8)
[2025-05-24 18:08:52] Error: Array to string conversion in /var/www/html/mipymessales/controllers/obtener_mesas_pedidos.php on line 58 (Code: 8)
[2025-05-24 18:08:54] Error: Array to string conversion in /var/www/html/mipymessales/controllers/obtener_mesas_pedidos.php on line 58 (Code: 8)
[2025-05-24 18:08:56] Error: Array to string conversion in /var/www/html/mipymessales/controllers/obtener_mesas_pedidos.php on line 58 (Code: 8)
[2025-05-24 18:08:58] Error: Array to string conversion in /var/www/html/mipymessales/controllers/obtener_mesas_pedidos.php on line 58 (Code: 8)
[2025-05-24 18:09:00] Error: Array to string conversion in /var/www/html/mipymessales/controllers/obtener_mesas_pedidos.php on line 58 (Code: 8)
[2025-05-24 18:09:02] Error: Array to string conversion in /var/www/html/mipymessales/controllers/obtener_mesas_pedidos.php on line 58 (Code: 8)
[2025-05-24 18:09:04] Error: Array to string conversion in /var/www/html/mipymessales/controllers/obtener_mesas_pedidos.php on line 58 (Code: 8)
[2025-05-24 18:09:06] Error: Array to string conversion in /var/www/html/mipymessales/controllers/obtener_mesas_pedidos.php on line 58 (Code: 8)
[2025-05-24 18:09:08] Error: Array to string conversion in /var/www/html/mipymessales/controllers/obtener_mesas_pedidos.php on line 58 (Code: 8)
[2025-05-24 18:09:10] Error: Array to string conversion in /var/www/html/mipymessales/controllers/obtener_mesas_pedidos.php on line 58 (Code: 8)
[2025-05-24 18:09:12] Error: Array to string conversion in /var/www/html/mipymessales/controllers/obtener_mesas_pedidos.php on line 58 (Code: 8)
[2025-05-24 18:09:14] Error: Array to string conversion in /var/www/html/mipymessales/controllers/obtener_mesas_pedidos.php on line 58 (Code: 8)
[2025-05-24 18:09:16] Error: Array to string conversion in /var/www/html/mipymessales/controllers/obtener_mesas_pedidos.php on line 58 (Code: 8)
[2025-05-24 18:09:18] Error: Array to string conversion in /var/www/html/mipymessales/controllers/obtener_mesas_pedidos.php on line 58 (Code: 8)
[2025-05-24 18:09:20] Error: Array to string conversion in /var/www/html/mipymessales/controllers/obtener_mesas_pedidos.php on line 58 (Code: 8)
[2025-05-24 18:09:22] Error: Array to string conversion in /var/www/html/mipymessales/controllers/obtener_mesas_pedidos.php on line 58 (Code: 8)
[2025-05-24 18:09:24] Error: Array to string conversion in /var/www/html/mipymessales/controllers/obtener_mesas_pedidos.php on line 58 (Code: 8)
[2025-05-24 18:09:26] Error: Array to string conversion in /var/www/html/mipymessales/controllers/obtener_mesas_pedidos.php on line 58 (Code: 8)
[2025-05-24 18:09:28] Error: Array to string conversion in /var/www/html/mipymessales/controllers/obtener_mesas_pedidos.php on line 58 (Code: 8)
[2025-05-24 18:09:30] Error: Array to string conversion in /var/www/html/mipymessales/controllers/obtener_mesas_pedidos.php on line 58 (Code: 8)
[2025-05-24 18:09:32] Error: Array to string conversion in /var/www/html/mipymessales/controllers/obtener_mesas_pedidos.php on line 58 (Code: 8)
[2025-05-24 18:09:34] Error: Array to string conversion in /var/www/html/mipymessales/controllers/obtener_mesas_pedidos.php on line 58 (Code: 8)
[2025-05-24 18:09:36] Error: Array to string conversion in /var/www/html/mipymessales/controllers/obtener_mesas_pedidos.php on line 58 (Code: 8)
[2025-05-24 18:09:38] Error: Array to string conversion in /var/www/html/mipymessales/controllers/obtener_mesas_pedidos.php on line 58 (Code: 8)
[2025-05-24 18:09:40] Error: Array to string conversion in /var/www/html/mipymessales/controllers/obtener_mesas_pedidos.php on line 58 (Code: 8)
[2025-05-24 18:09:42] Error: Array to string conversion in /var/www/html/mipymessales/controllers/obtener_mesas_pedidos.php on line 58 (Code: 8)
[2025-05-24 18:09:44] Error: Array to string conversion in /var/www/html/mipymessales/controllers/obtener_mesas_pedidos.php on line 58 (Code: 8)
[2025-05-24 18:09:46] Error: Array to string conversion in /var/www/html/mipymessales/controllers/obtener_mesas_pedidos.php on line 58 (Code: 8)
[2025-05-24 18:09:48] Error: Array to string conversion in /var/www/html/mipymessales/controllers/obtener_mesas_pedidos.php on line 58 (Code: 8)
[2025-05-24 18:09:50] Error: Array to string conversion in /var/www/html/mipymessales/controllers/obtener_mesas_pedidos.php on line 58 (Code: 8)
[2025-05-24 18:09:52] Error: Array to string conversion in /var/www/html/mipymessales/controllers/obtener_mesas_pedidos.php on line 58 (Code: 8)
[2025-05-24 18:09:54] Error: Array to string conversion in /var/www/html/mipymessales/controllers/obtener_mesas_pedidos.php on line 58 (Code: 8)
[2025-05-24 18:09:56] Error: Array to string conversion in /var/www/html/mipymessales/controllers/obtener_mesas_pedidos.php on line 58 (Code: 8)
[2025-05-24 18:09:58] Error: Array to string conversion in /var/www/html/mipymessales/controllers/obtener_mesas_pedidos.php on line 58 (Code: 8)
[2025-05-24 18:10:00] Error: Array to string conversion in /var/www/html/mipymessales/controllers/obtener_mesas_pedidos.php on line 58 (Code: 8)
[2025-05-24 18:10:02] Error: Array to string conversion in /var/www/html/mipymessales/controllers/obtener_mesas_pedidos.php on line 58 (Code: 8)
[2025-05-24 18:10:04] Error: Array to string conversion in /var/www/html/mipymessales/controllers/obtener_mesas_pedidos.php on line 58 (Code: 8)
[2025-05-24 18:10:06] Error: Array to string conversion in /var/www/html/mipymessales/controllers/obtener_mesas_pedidos.php on line 58 (Code: 8)
[2025-05-24 18:10:08] Error: Array to string conversion in /var/www/html/mipymessales/controllers/obtener_mesas_pedidos.php on line 58 (Code: 8)
[2025-05-24 18:10:10] Error: Array to string conversion in /var/www/html/mipymessales/controllers/obtener_mesas_pedidos.php on line 58 (Code: 8)
[2025-05-24 18:10:12] Error: Array to string conversion in /var/www/html/mipymessales/controllers/obtener_mesas_pedidos.php on line 58 (Code: 8)
[2025-05-24 18:10:14] Error: Array to string conversion in /var/www/html/mipymessales/controllers/obtener_mesas_pedidos.php on line 58 (Code: 8)
[2025-05-24 18:10:16] Error: Array to string conversion in /var/www/html/mipymessales/controllers/obtener_mesas_pedidos.php on line 58 (Code: 8)
[2025-05-24 18:10:18] Error: Array to string conversion in /var/www/html/mipymessales/controllers/obtener_mesas_pedidos.php on line 58 (Code: 8)
[2025-05-24 18:10:20] Error: Array to string conversion in /var/www/html/mipymessales/controllers/obtener_mesas_pedidos.php on line 58 (Code: 8)
[2025-05-24 18:10:22] Error: Array to string conversion in /var/www/html/mipymessales/controllers/obtener_mesas_pedidos.php on line 58 (Code: 8)
[2025-05-24 18:10:24] Error: Array to string conversion in /var/www/html/mipymessales/controllers/obtener_mesas_pedidos.php on line 58 (Code: 8)
[2025-05-24 18:10:26] Error: Array to string conversion in /var/www/html/mipymessales/controllers/obtener_mesas_pedidos.php on line 58 (Code: 8)
[2025-05-24 18:10:28] Error: Array to string conversion in /var/www/html/mipymessales/controllers/obtener_mesas_pedidos.php on line 58 (Code: 8)
[2025-05-24 18:10:30] Error: Array to string conversion in /var/www/html/mipymessales/controllers/obtener_mesas_pedidos.php on line 58 (Code: 8)
[2025-05-24 18:10:32] Error: Array to string conversion in /var/www/html/mipymessales/controllers/obtener_mesas_pedidos.php on line 58 (Code: 8)
[2025-05-24 18:10:34] Error: Array to string conversion in /var/www/html/mipymessales/controllers/obtener_mesas_pedidos.php on line 58 (Code: 8)
[2025-05-24 18:10:36] Error: Array to string conversion in /var/www/html/mipymessales/controllers/obtener_mesas_pedidos.php on line 58 (Code: 8)
[2025-05-24 18:10:38] Error: Array to string conversion in /var/www/html/mipymessales/controllers/obtener_mesas_pedidos.php on line 58 (Code: 8)
[2025-05-24 18:10:40] Error: Array to string conversion in /var/www/html/mipymessales/controllers/obtener_mesas_pedidos.php on line 58 (Code: 8)
[2025-05-24 18:10:42] Error: Array to string conversion in /var/www/html/mipymessales/controllers/obtener_mesas_pedidos.php on line 58 (Code: 8)
[2025-05-24 18:10:44] Error: Array to string conversion in /var/www/html/mipymessales/controllers/obtener_mesas_pedidos.php on line 58 (Code: 8)
[2025-05-24 18:10:46] Error: Array to string conversion in /var/www/html/mipymessales/controllers/obtener_mesas_pedidos.php on line 58 (Code: 8)
[2025-05-24 18:10:48] Error: Array to string conversion in /var/www/html/mipymessales/controllers/obtener_mesas_pedidos.php on line 58 (Code: 8)
[2025-05-24 18:10:50] Error: Array to string conversion in /var/www/html/mipymessales/controllers/obtener_mesas_pedidos.php on line 58 (Code: 8)
[2025-05-24 18:10:52] Error: Array to string conversion in /var/www/html/mipymessales/controllers/obtener_mesas_pedidos.php on line 58 (Code: 8)
[2025-05-24 18:10:54] Error: Array to string conversion in /var/www/html/mipymessales/controllers/obtener_mesas_pedidos.php on line 58 (Code: 8)
[2025-05-24 18:10:56] Error: Array to string conversion in /var/www/html/mipymessales/controllers/obtener_mesas_pedidos.php on line 58 (Code: 8)
[2025-05-24 18:10:58] Error: Array to string conversion in /var/www/html/mipymessales/controllers/obtener_mesas_pedidos.php on line 58 (Code: 8)
[2025-05-24 18:11:00] Error: Array to string conversion in /var/www/html/mipymessales/controllers/obtener_mesas_pedidos.php on line 58 (Code: 8)
[2025-05-24 18:11:02] Error: Array to string conversion in /var/www/html/mipymessales/controllers/obtener_mesas_pedidos.php on line 58 (Code: 8)
[2025-05-24 18:11:04] Error: Array to string conversion in /var/www/html/mipymessales/controllers/obtener_mesas_pedidos.php on line 58 (Code: 8)
[2025-05-24 18:11:06] Error: Array to string conversion in /var/www/html/mipymessales/controllers/obtener_mesas_pedidos.php on line 58 (Code: 8)
[2025-05-24 18:11:08] Error: Array to string conversion in /var/www/html/mipymessales/controllers/obtener_mesas_pedidos.php on line 58 (Code: 8)
[2025-05-24 18:11:10] Error: Array to string conversion in /var/www/html/mipymessales/controllers/obtener_mesas_pedidos.php on line 58 (Code: 8)
[2025-05-24 18:11:12] Error: Array to string conversion in /var/www/html/mipymessales/controllers/obtener_mesas_pedidos.php on line 58 (Code: 8)
[2025-05-24 18:11:14] Error: Array to string conversion in /var/www/html/mipymessales/controllers/obtener_mesas_pedidos.php on line 58 (Code: 8)
[2025-05-24 18:11:16] Error: Array to string conversion in /var/www/html/mipymessales/controllers/obtener_mesas_pedidos.php on line 58 (Code: 8)
[2025-05-24 18:11:18] Error: Array to string conversion in /var/www/html/mipymessales/controllers/obtener_mesas_pedidos.php on line 58 (Code: 8)
[2025-05-24 18:11:20] Error: Array to string conversion in /var/www/html/mipymessales/controllers/obtener_mesas_pedidos.php on line 58 (Code: 8)
[2025-05-24 18:11:22] Error: Array to string conversion in /var/www/html/mipymessales/controllers/obtener_mesas_pedidos.php on line 58 (Code: 8)
[2025-05-24 18:11:24] Error: Array to string conversion in /var/www/html/mipymessales/controllers/obtener_mesas_pedidos.php on line 58 (Code: 8)
[2025-05-24 18:11:26] Error: Array to string conversion in /var/www/html/mipymessales/controllers/obtener_mesas_pedidos.php on line 58 (Code: 8)
[2025-05-24 18:11:28] Error: Array to string conversion in /var/www/html/mipymessales/controllers/obtener_mesas_pedidos.php on line 58 (Code: 8)
[2025-05-24 18:11:30] Error: Array to string conversion in /var/www/html/mipymessales/controllers/obtener_mesas_pedidos.php on line 58 (Code: 8)
[2025-05-24 18:11:32] Error: Array to string conversion in /var/www/html/mipymessales/controllers/obtener_mesas_pedidos.php on line 58 (Code: 8)
[2025-05-24 18:11:34] Error: Array to string conversion in /var/www/html/mipymessales/controllers/obtener_mesas_pedidos.php on line 58 (Code: 8)
[2025-05-24 18:11:36] Error: Array to string conversion in /var/www/html/mipymessales/controllers/obtener_mesas_pedidos.php on line 58 (Code: 8)
[2025-05-24 18:11:38] Error: Array to string conversion in /var/www/html/mipymessales/controllers/obtener_mesas_pedidos.php on line 58 (Code: 8)
[2025-05-24 18:11:40] Error: Array to string conversion in /var/www/html/mipymessales/controllers/obtener_mesas_pedidos.php on line 58 (Code: 8)
[2025-05-24 18:11:42] Error: Array to string conversion in /var/www/html/mipymessales/controllers/obtener_mesas_pedidos.php on line 58 (Code: 8)
[2025-05-24 18:11:44] Error: Array to string conversion in /var/www/html/mipymessales/controllers/obtener_mesas_pedidos.php on line 58 (Code: 8)
[2025-05-24 18:11:46] Error: Array to string conversion in /var/www/html/mipymessales/controllers/obtener_mesas_pedidos.php on line 58 (Code: 8)
[2025-05-24 18:11:48] Error: Array to string conversion in /var/www/html/mipymessales/controllers/obtener_mesas_pedidos.php on line 58 (Code: 8)
[2025-05-24 18:11:50] Error: Array to string conversion in /var/www/html/mipymessales/controllers/obtener_mesas_pedidos.php on line 58 (Code: 8)
[2025-05-24 18:11:52] Error: Array to string conversion in /var/www/html/mipymessales/controllers/obtener_mesas_pedidos.php on line 58 (Code: 8)
[2025-05-24 18:11:54] Error: Array to string conversion in /var/www/html/mipymessales/controllers/obtener_mesas_pedidos.php on line 58 (Code: 8)
[2025-05-24 18:11:56] Error: Array to string conversion in /var/www/html/mipymessales/controllers/obtener_mesas_pedidos.php on line 58 (Code: 8)
[2025-05-24 18:11:58] Error: Array to string conversion in /var/www/html/mipymessales/controllers/obtener_mesas_pedidos.php on line 58 (Code: 8)
[2025-05-24 18:12:00] Error: Array to string conversion in /var/www/html/mipymessales/controllers/obtener_mesas_pedidos.php on line 58 (Code: 8)
[2025-05-24 18:12:02] Error: Array to string conversion in /var/www/html/mipymessales/controllers/obtener_mesas_pedidos.php on line 58 (Code: 8)
[2025-05-24 18:12:04] Error: Array to string conversion in /var/www/html/mipymessales/controllers/obtener_mesas_pedidos.php on line 58 (Code: 8)
[2025-05-24 18:12:06] Error: Array to string conversion in /var/www/html/mipymessales/controllers/obtener_mesas_pedidos.php on line 58 (Code: 8)
[2025-05-25 10:37:50] Error: Undefined variable: primerIdMesa in /var/www/html/mipymessales/controllers/obtener_mesas_pedidos.php on line 82 (Code: 8)
[2025-05-25 10:37:52] Error: Undefined variable: primerIdMesa in /var/www/html/mipymessales/controllers/obtener_mesas_pedidos.php on line 82 (Code: 8)
[2025-05-25 10:37:54] Error: Undefined variable: primerIdMesa in /var/www/html/mipymessales/controllers/obtener_mesas_pedidos.php on line 82 (Code: 8)
[2025-05-25 10:37:56] Error: Undefined variable: primerIdMesa in /var/www/html/mipymessales/controllers/obtener_mesas_pedidos.php on line 82 (Code: 8)
[2025-05-25 10:37:58] Error: Undefined variable: primerIdMesa in /var/www/html/mipymessales/controllers/obtener_mesas_pedidos.php on line 82 (Code: 8)
[2025-05-25 10:38:00] Error: Undefined variable: primerIdMesa in /var/www/html/mipymessales/controllers/obtener_mesas_pedidos.php on line 82 (Code: 8)
[2025-05-25 10:38:02] Error: Undefined variable: primerIdMesa in /var/www/html/mipymessales/controllers/obtener_mesas_pedidos.php on line 82 (Code: 8)
[2025-05-25 10:38:04] Error: Undefined variable: primerIdMesa in /var/www/html/mipymessales/controllers/obtener_mesas_pedidos.php on line 82 (Code: 8)
[2025-05-25 10:38:06] Error: Undefined variable: primerIdMesa in /var/www/html/mipymessales/controllers/obtener_mesas_pedidos.php on line 82 (Code: 8)
[2025-05-25 10:38:08] Error: Undefined variable: primerIdMesa in /var/www/html/mipymessales/controllers/obtener_mesas_pedidos.php on line 82 (Code: 8)
[2025-05-25 10:38:10] Error: Undefined variable: primerIdMesa in /var/www/html/mipymessales/controllers/obtener_mesas_pedidos.php on line 82 (Code: 8)
[2025-05-25 10:38:12] Error: Undefined variable: primerIdMesa in /var/www/html/mipymessales/controllers/obtener_mesas_pedidos.php on line 82 (Code: 8)
[2025-05-25 10:38:14] Error: Undefined variable: primerIdMesa in /var/www/html/mipymessales/controllers/obtener_mesas_pedidos.php on line 82 (Code: 8)
[2025-05-25 10:38:16] Error: Undefined variable: primerIdMesa in /var/www/html/mipymessales/controllers/obtener_mesas_pedidos.php on line 82 (Code: 8)
[2025-05-25 10:38:18] Error: Undefined variable: primerIdMesa in /var/www/html/mipymessales/controllers/obtener_mesas_pedidos.php on line 82 (Code: 8)
[2025-05-25 10:38:20] Error: Undefined variable: primerIdMesa in /var/www/html/mipymessales/controllers/obtener_mesas_pedidos.php on line 82 (Code: 8)
[2025-05-25 10:38:22] Error: Undefined variable: primerIdMesa in /var/www/html/mipymessales/controllers/obtener_mesas_pedidos.php on line 82 (Code: 8)
[2025-05-25 10:38:24] Error: Undefined variable: primerIdMesa in /var/www/html/mipymessales/controllers/obtener_mesas_pedidos.php on line 82 (Code: 8)
[2025-05-25 10:38:26] Error: Undefined variable: primerIdMesa in /var/www/html/mipymessales/controllers/obtener_mesas_pedidos.php on line 82 (Code: 8)
[2025-05-25 10:38:28] Error: Undefined variable: primerIdMesa in /var/www/html/mipymessales/controllers/obtener_mesas_pedidos.php on line 82 (Code: 8)
[2025-05-25 10:38:30] Error: Undefined variable: primerIdMesa in /var/www/html/mipymessales/controllers/obtener_mesas_pedidos.php on line 82 (Code: 8)
[2025-05-25 10:38:32] Error: Undefined variable: primerIdMesa in /var/www/html/mipymessales/controllers/obtener_mesas_pedidos.php on line 82 (Code: 8)
[2025-05-25 10:38:34] Error: Undefined variable: primerIdMesa in /var/www/html/mipymessales/controllers/obtener_mesas_pedidos.php on line 82 (Code: 8)
[2025-05-25 10:38:36] Error: Undefined variable: primerIdMesa in /var/www/html/mipymessales/controllers/obtener_mesas_pedidos.php on line 82 (Code: 8)
[2025-05-25 10:38:38] Error: Undefined variable: primerIdMesa in /var/www/html/mipymessales/controllers/obtener_mesas_pedidos.php on line 82 (Code: 8)
[2025-05-25 10:38:40] Error: Undefined variable: primerIdMesa in /var/www/html/mipymessales/controllers/obtener_mesas_pedidos.php on line 82 (Code: 8)
[2025-05-25 10:38:42] Error: Undefined variable: primerIdMesa in /var/www/html/mipymessales/controllers/obtener_mesas_pedidos.php on line 82 (Code: 8)
[2025-05-25 10:38:44] Error: Undefined variable: primerIdMesa in /var/www/html/mipymessales/controllers/obtener_mesas_pedidos.php on line 82 (Code: 8)
[2025-05-25 10:38:46] Error: Undefined variable: primerIdMesa in /var/www/html/mipymessales/controllers/obtener_mesas_pedidos.php on line 82 (Code: 8)
[2025-05-25 10:38:48] Error: Undefined variable: primerIdMesa in /var/www/html/mipymessales/controllers/obtener_mesas_pedidos.php on line 82 (Code: 8)
[2025-05-25 10:38:50] Error: Undefined variable: primerIdMesa in /var/www/html/mipymessales/controllers/obtener_mesas_pedidos.php on line 82 (Code: 8)
